<?xml version="1.0" encoding="UTF-8"?>
<!-- Generated by org.testng.reporters.JUnitReportReporter -->
<testsuite hostname="Mohammad" failures="0" tests="1" name="utils_IntegrateExcelWDatapro.DataProvider_CreateLead" time="0.000" errors="0" timestamp="2022-11-26T16:02:26 EST" skipped="1">
  <testcase classname="utils_IntegrateExcelWDatapro.DataProvider_CreateLead" name="createLead" time="0.000">
    <skipped/>
  </testcase> <!-- createLead -->
</testsuite> <!-- utils_IntegrateExcelWDatapro.DataProvider_CreateLead -->
