<?xml version="1.0" encoding="UTF-8"?>
<!-- Generated by org.testng.reporters.JUnitReportReporter -->
<testsuite hostname="Mohammad" failures="0" tests="1" name="testNGParameterization_Parameters22.Parameters_CreateLead" time="23.041" errors="0" timestamp="2022-11-26T14:39:59 EST" skipped="0">
  <testcase classname="testNGParameterization_Parameters22.Parameters_CreateLead" name="createLead" time="23.041"/>
</testsuite> <!-- testNGParameterization_Parameters22.Parameters_CreateLead -->
